<?xml version="1.0" encoding="UTF-8"?>
<testng-results ignored="0" total="1" passed="1" failed="0" skipped="0">
  <reporter-output>
  </reporter-output>
  <suite started-at="2023-11-02T21:43:01 IST" name="Default suite" finished-at="2023-11-02T21:43:33 IST" duration-ms="31336">
    <groups>
    </groups>
    <test started-at="2023-11-02T21:43:01 IST" name="Default test" finished-at="2023-11-02T21:43:33 IST" duration-ms="31336">
      <class name="mymainprojecttest.FlightTest">
        <test-method signature="blacedemoflightchart()[pri:0, instance:mymainprojecttest.FlightTest@7b2bbc3]" started-at="2023-11-02T21:43:01 IST" name="blacedemoflightchart" finished-at="2023-11-02T21:43:33 IST" duration-ms="31189" status="PASS">
          <reporter-output>
          </reporter-output>
        </test-method> <!-- blacedemoflightchart -->
      </class> <!-- mymainprojecttest.FlightTest -->
    </test> <!-- Default test -->
  </suite> <!-- Default suite -->
</testng-results>
